celeriapp/gradleBuild/outputs/logs/manifest-merger-release-report.txt
-- Merging decision tree log ---
manifest
ADDED from android\tfmobile\AndroidManifest.xml:18:1-48:12
MERGED from [org.tensorflow:tensorflow-android:1.12.0] AndroidManifest.xml:2:1-8:12
MERGED from [com.android.volley:volley:1.1.1] AndroidManifest.xml:2:1-11:12
MERGED from [com.squareup.picasso:picasso:2.71828] AndroidManifest.xml:2:1-14:12
MERGED from [com.android.support:exifinterface:27.1.0] AndroidManifest.xml:17:1-22:12
	package
		ADDED from android\tfmobile\AndroidManifest.xml:19:5-34
	xmlns:android
		ADDED from android\tfmobile\AndroidManifest.xml:18:11-69
uses-permission#android.permission.CAMERA
ADDED from android\tfmobile\AndroidManifest.xml:21:5-65
	android:name
		ADDED from android\tfmobile\AndroidManifest.xml:21:22-62
uses-feature#android.hardware.camera
ADDED from android\tfmobile\AndroidManifest.xml:22:5-60
	android:name
		ADDED from android\tfmobile\AndroidManifest.xml:22:19-57
uses-feature#android.hardware.camera.autofocus
ADDED from android\tfmobile\AndroidManifest.xml:23:5-70
	android:name
		ADDED from android\tfmobile\AndroidManifest.xml:23:19-67
uses-permission#android.permission.WRITE_EXTERNAL_STORAGE
ADDED from android\tfmobile\AndroidManifest.xml:24:5-80
	android:name
		ADDED from android\tfmobile\AndroidManifest.xml:24:22-78
uses-permission#android.permission.INTERNET
ADDED from android\tfmobile\AndroidManifest.xml:25:5-67
	android:name
		ADDED from android\tfmobile\AndroidManifest.xml:25:22-64
uses-sdk
ADDED from android\tfmobile\AndroidManifest.xml:27:5-47
INJECTED from android\tfmobile\AndroidManifest.xml:27:5-47
MERGED from [com.android.volley:volley:1.1.1] AndroidManifest.xml:7:5-43
MERGED from [com.android.volley:volley:1.1.1] AndroidManifest.xml:7:5-43
MERGED from [com.squareup.picasso:picasso:2.71828] AndroidManifest.xml:5:5-44
MERGED from [com.squareup.picasso:picasso:2.71828] AndroidManifest.xml:5:5-44
MERGED from [com.android.support:exifinterface:27.1.0] AndroidManifest.xml:20:5-44
MERGED from [com.android.support:exifinterface:27.1.0] AndroidManifest.xml:20:5-44
INJECTED from android\tfmobile\AndroidManifest.xml:27:5-47
	android:targetSdkVersion
		ADDED from android\tfmobile\AndroidManifest.xml:27:15-44
	android:minSdkVersion
		INJECTED from android\tfmobile\AndroidManifest.xml
		ADDED from android\tfmobile\AndroidManifest.xml:27:5-47
		INJECTED from android\tfmobile\AndroidManifest.xml
application
ADDED from android\tfmobile\AndroidManifest.xml:29:5-46:19
MERGED from [org.tensorflow:tensorflow-android:1.12.0] AndroidManifest.xml:5:5-6:19
MERGED from [org.tensorflow:tensorflow-android:1.12.0] AndroidManifest.xml:5:5-6:19
MERGED from [com.android.volley:volley:1.1.1] AndroidManifest.xml:9:5-20
MERGED from [com.android.volley:volley:1.1.1] AndroidManifest.xml:9:5-20
MERGED from [com.squareup.picasso:picasso:2.71828] AndroidManifest.xml:7:5-12:19
MERGED from [com.squareup.picasso:picasso:2.71828] AndroidManifest.xml:7:5-12:19
	android:label
		ADDED from android\tfmobile\AndroidManifest.xml:31:9-41
	android:debuggable
		ADDED from android\tfmobile\AndroidManifest.xml:30:9-34
	android:icon
		ADDED from android\tfmobile\AndroidManifest.xml:32:9-43
	android:allowBackup
		ADDED from android\tfmobile\AndroidManifest.xml:29:18-44
	android:theme
		ADDED from android\tfmobile\AndroidManifest.xml:33:9-45
activity#org.tensorflow.demo.ClassifierActivity
ADDED from android\tfmobile\AndroidManifest.xml:35:9-42:20
	android:screenOrientation
		ADDED from android\tfmobile\AndroidManifest.xml:36:19-55
	android:label
		ADDED from android\tfmobile\AndroidManifest.xml:37:19-71
	android:name
		ADDED from android\tfmobile\AndroidManifest.xml:35:19-72
intent-filter#action:name:android.intent.action.MAIN+category:name:android.intent.category.LAUNCHER
ADDED from android\tfmobile\AndroidManifest.xml:38:13-41:29
action#android.intent.action.MAIN
ADDED from android\tfmobile\AndroidManifest.xml:39:17-69
	android:name
		ADDED from android\tfmobile\AndroidManifest.xml:39:25-66
category#android.intent.category.LAUNCHER
ADDED from android\tfmobile\AndroidManifest.xml:40:17-77
	android:name
		ADDED from android\tfmobile\AndroidManifest.xml:40:27-74
activity#org.tensorflow.demo.Pop
ADDED from android\tfmobile\AndroidManifest.xml:43:9-45:25
	android:theme
		ADDED from android\tfmobile\AndroidManifest.xml:44:13-56
	android:name
		ADDED from android\tfmobile\AndroidManifest.xml:43:19-38
uses-permission#android.permission.READ_PHONE_STATE
IMPLIED from android\tfmobile\AndroidManifest.xml:18:1-48:12 reason: tensorflow.contrib.android has a targetSdkVersion < 4
uses-permission#android.permission.READ_EXTERNAL_STORAGE
IMPLIED from android\tfmobile\AndroidManifest.xml:18:1-48:12 reason: tensorflow.contrib.android requested WRITE_EXTERNAL_STORAGE
provider#com.squareup.picasso.PicassoProvider
ADDED from [com.squareup.picasso:picasso:2.71828] AndroidManifest.xml:8:9-11:40
	android:authorities
		ADDED from [com.squareup.picasso:picasso:2.71828] AndroidManifest.xml:10:13-72
	android:exported
		ADDED from [com.squareup.picasso:picasso:2.71828] AndroidManifest.xml:11:13-37
	android:name
		ADDED from [com.squareup.picasso:picasso:2.71828] AndroidManifest.xml:9:13-64